<?xml version="1.0" encoding="UTF-8"?>
<testsuite name="UnitTest" tests="3" skipped="0" failures="0" errors="0" timestamp="2015-08-14T19:20:13" hostname="epicodus-106.local" time="0.0">
  <properties/>
  <testcase name="encryptWord_userEntryConvertedToUppercase_true" classname="UnitTest" time="0.0"/>
  <testcase name="encryptWord_VowelsConvertedToDashes_true" classname="UnitTest" time="0.0"/>
  <testcase name="encryptWord_programAcceptsPunctuationAndNumbers_true" classname="UnitTest" time="0.0"/>
  <system-out><![CDATA[]]></system-out>
  <system-err><![CDATA[]]></system-err>
</testsuite>
