<?xml version="1.0" encoding="UTF-8"?>
<testsuite name="IntegrationTest" tests="4" skipped="0" failures="0" errors="0" timestamp="2015-08-14T19:20:13" hostname="epicodus-106.local" time="0.34">
  <properties/>
  <testcase name="lowerCaseWord" classname="IntegrationTest" time="0.289"/>
  <testcase name="answerShown" classname="IntegrationTest" time="0.01"/>
  <testcase name="rootTest" classname="IntegrationTest" time="0.007"/>
  <testcase name="fullSentence" classname="IntegrationTest" time="0.021"/>
  <system-out><![CDATA[]]></system-out>
  <system-err><![CDATA[[Thread-4] INFO spark.webserver.SparkServer - == Spark has ignited ...
[Thread-4] INFO spark.webserver.SparkServer - >> Listening on 0.0.0.0:4567
[Thread-4] INFO org.eclipse.jetty.server.Server - jetty-9.0.2.v20130417
[Thread-4] INFO org.eclipse.jetty.server.ServerConnector - Started ServerConnector@4fdbd73{HTTP/1.1}{0.0.0.0:4567}
[Test worker] INFO spark.webserver.SparkServer - >>> Spark shutting down ...
[Test worker] INFO org.eclipse.jetty.server.Server - Graceful shutdown org.eclipse.jetty.server.Server@70ac3084 by 
[Test worker] INFO org.eclipse.jetty.server.ServerConnector - Stopped ServerConnector@4fdbd73{HTTP/1.1}{0.0.0.0:4567}
[Test worker] INFO spark.webserver.SparkServer - done
]]></system-err>
</testsuite>
